[    15.833] (--) Log file renamed from "/home/victorious/.local/share/xorg/Xorg.pid-1494.log" to "/home/victorious/.local/share/xorg/Xorg.0.log"
[    15.834] 
X.Org X Server 1.20.13
X Protocol Version 11, Revision 0
[    15.834] Build Operating System: linux Ubuntu
[    15.834] Current Operating System: Linux victorious-HP-EliteBook-Revolve-810-G3 5.13.0-44-generic #49~20.04.1-Ubuntu SMP Wed May 18 18:44:28 UTC 2022 x86_64
[    15.834] Kernel command line: BOOT_IMAGE=/boot/vmlinuz-5.13.0-44-generic root=UUID=939027c6-2258-48ac-867d-0103d48595e8 ro quiet splash vt.handoff=7
[    15.834] Build Date: 14 December 2021  02:14:13PM
[    15.834] xorg-server 2:1.20.13-1ubuntu1~20.04.2 (For technical support please see http://www.ubuntu.com/support) 
[    15.834] Current version of pixman: 0.38.4
[    15.834] 	Before reporting problems, check http://wiki.x.org
	to make sure that you have the latest version.
[    15.834] Markers: (--) probed, (**) from config file, (==) default setting,
	(++) from command line, (!!) notice, (II) informational,
	(WW) warning, (EE) error, (NI) not implemented, (??) unknown.
[    15.834] (==) Log file: "/home/victorious/.local/share/xorg/Xorg.0.log", Time: Mon Jun  6 12:49:38 2022
[    15.835] (==) Using system config directory "/usr/share/X11/xorg.conf.d"
[    15.838] (==) No Layout section.  Using the first Screen section.
[    15.838] (==) No screen section available. Using defaults.
[    15.838] (**) |-->Screen "Default Screen Section" (0)
[    15.838] (**) |   |-->Monitor "<default monitor>"
[    15.840] (==) No monitor specified for screen "Default Screen Section".
	Using a default monitor configuration.
[    15.840] (==) Automatically adding devices
[    15.840] (==) Automatically enabling devices
[    15.840] (==) Automatically adding GPU devices
[    15.840] (==) Automatically binding GPU devices
[    15.840] (==) Max clients allowed: 256, resource mask: 0x1fffff
[    15.840] (WW) The directory "/usr/share/fonts/X11/cyrillic" does not exist.
[    15.840] 	Entry deleted from font path.
[    15.840] (WW) The directory "/usr/share/fonts/X11/100dpi/" does not exist.
[    15.840] 	Entry deleted from font path.
[    15.840] (WW) The directory "/usr/share/fonts/X11/75dpi/" does not exist.
[    15.840] 	Entry deleted from font path.
[    15.840] (WW) The directory "/usr/share/fonts/X11/100dpi" does not exist.
[    15.840] 	Entry deleted from font path.
[    15.840] (WW) The directory "/usr/share/fonts/X11/75dpi" does not exist.
[    15.840] 	Entry deleted from font path.
[    15.840] (==) FontPath set to:
	/usr/share/fonts/X11/misc,
	/usr/share/fonts/X11/Type1,
	built-ins
[    15.840] (==) ModulePath set to "/usr/lib/xorg/modules"
[    15.840] (II) The server relies on udev to provide the list of input devices.
	If no devices become available, reconfigure udev or disable AutoAddDevices.
[    15.840] (II) Loader magic: 0x5643b2c18020
[    15.840] (II) Module ABI versions:
[    15.840] 	X.Org ANSI C Emulation: 0.4
[    15.840] 	X.Org Video Driver: 24.1
[    15.840] 	X.Org XInput driver : 24.1
[    15.840] 	X.Org Server Extension : 10.0
[    15.841] (++) using VT number 2

[    15.844] (II) systemd-logind: took control of session /org/freedesktop/login1/session/_32
[    15.848] (II) xfree86: Adding drm device (/dev/dri/card0)
[    15.849] (II) systemd-logind: got fd for /dev/dri/card0 226:0 fd 12 paused 0
[    15.852] (--) PCI:*(0@0:2:0) 8086:1616:103c:22fb rev 9, Mem @ 0xc0000000/16777216, 0xb0000000/268435456, I/O @ 0x00005000/64, BIOS @ 0x????????/131072
[    15.852] (II) LoadModule: "glx"
[    15.855] (II) Loading /usr/lib/xorg/modules/extensions/libglx.so
[    15.857] (II) Module glx: vendor="X.Org Foundation"
[    15.857] 	compiled for 1.20.13, module version = 1.0.0
[    15.857] 	ABI class: X.Org Server Extension, version 10.0
[    15.857] (==) Matched modesetting as autoconfigured driver 0
[    15.857] (==) Matched fbdev as autoconfigured driver 1
[    15.857] (==) Matched vesa as autoconfigured driver 2
[    15.857] (==) Assigned the driver to the xf86ConfigLayout
[    15.857] (II) LoadModule: "modesetting"
[    15.857] (II) Loading /usr/lib/xorg/modules/drivers/modesetting_drv.so
[    15.858] (II) Module modesetting: vendor="X.Org Foundation"
[    15.858] 	compiled for 1.20.13, module version = 1.20.13
[    15.858] 	Module class: X.Org Video Driver
[    15.858] 	ABI class: X.Org Video Driver, version 24.1
[    15.858] (II) LoadModule: "fbdev"
[    15.858] (II) Loading /usr/lib/xorg/modules/drivers/fbdev_drv.so
[    15.859] (II) Module fbdev: vendor="X.Org Foundation"
[    15.859] 	compiled for 1.20.1, module version = 0.5.0
[    15.859] 	Module class: X.Org Video Driver
[    15.859] 	ABI class: X.Org Video Driver, version 24.0
[    15.859] (II) LoadModule: "vesa"
[    15.859] (II) Loading /usr/lib/xorg/modules/drivers/vesa_drv.so
[    15.860] (II) Module vesa: vendor="X.Org Foundation"
[    15.860] 	compiled for 1.20.4, module version = 2.4.0
[    15.860] 	Module class: X.Org Video Driver
[    15.860] 	ABI class: X.Org Video Driver, version 24.0
[    15.860] (II) modesetting: Driver for Modesetting Kernel Drivers: kms
[    15.860] (II) FBDEV: driver for framebuffer: fbdev
[    15.860] (II) VESA: driver for VESA chipsets: vesa
[    15.860] xf86EnableIOPorts: failed to set IOPL for I/O (Operation not permitted)
[    15.860] (II) modeset(0): using drv /dev/dri/card0
[    15.860] (WW) Falling back to old probe method for fbdev
[    15.860] (II) Loading sub module "fbdevhw"
[    15.860] (II) LoadModule: "fbdevhw"
[    15.861] (II) Loading /usr/lib/xorg/modules/libfbdevhw.so
[    15.861] (II) Module fbdevhw: vendor="X.Org Foundation"
[    15.861] 	compiled for 1.20.13, module version = 0.0.2
[    15.861] 	ABI class: X.Org Video Driver, version 24.1
[    15.862] (EE) open /dev/fb0: Permission denied
[    15.862] (WW) VGA arbiter: cannot open kernel arbiter, no multi-card support
[    15.862] (II) modeset(0): Creating default Display subsection in Screen section
	"Default Screen Section" for depth/fbbpp 24/32
[    15.862] (==) modeset(0): Depth 24, (==) framebuffer bpp 32
[    15.862] (==) modeset(0): RGB weight 888
[    15.862] (==) modeset(0): Default visual is TrueColor
[    15.862] (II) Loading sub module "glamoregl"
[    15.862] (II) LoadModule: "glamoregl"
[    15.862] (II) Loading /usr/lib/xorg/modules/libglamoregl.so
[    15.868] (II) Module glamoregl: vendor="X.Org Foundation"
[    15.868] 	compiled for 1.20.13, module version = 1.0.1
[    15.868] 	ABI class: X.Org ANSI C Emulation, version 0.4
[    15.910] (II) modeset(0): glamor X acceleration enabled on Mesa Intel(R) HD Graphics 5500 (BDW GT2)
[    15.910] (II) modeset(0): glamor initialized
[    15.913] (II) modeset(0): Output eDP-1 has no monitor section
[    15.913] (II) modeset(0): Output DP-1 has no monitor section
[    15.914] (II) modeset(0): Output HDMI-1 has no monitor section
[    15.915] (II) modeset(0): Output DP-2 has no monitor section
[    15.916] (II) modeset(0): Output HDMI-2 has no monitor section
[    15.927] (II) modeset(0): EDID for output eDP-1
[    15.927] (II) modeset(0): Manufacturer: AUO  Model: 305c  Serial#: 0
[    15.927] (II) modeset(0): Year: 2012  Week: 0
[    15.927] (II) modeset(0): EDID Version: 1.4
[    15.927] (II) modeset(0): Digital Display Input
[    15.927] (II) modeset(0): 6 bits per channel
[    15.927] (II) modeset(0): Digital interface is undefined
[    15.927] (II) modeset(0): Max Image Size [cm]: horiz.: 26  vert.: 14
[    15.927] (II) modeset(0): Gamma: 2.20
[    15.927] (II) modeset(0): No DPMS capabilities specified
[    15.927] (II) modeset(0): Supported color encodings: RGB 4:4:4 
[    15.927] (II) modeset(0): First detailed timing is preferred mode
[    15.927] (II) modeset(0): Preferred mode is native pixel format and refresh rate
[    15.927] (II) modeset(0): redX: 0.584 redY: 0.333   greenX: 0.338 greenY: 0.571
[    15.927] (II) modeset(0): blueX: 0.158 blueY: 0.133   whiteX: 0.313 whiteY: 0.329
[    15.927] (II) modeset(0): Manufacturer's mask: 0
[    15.927] (II) modeset(0): Supported detailed timing:
[    15.927] (II) modeset(0): clock: 72.3 MHz   Image Size:  256 x 144 mm
[    15.927] (II) modeset(0): h_active: 1366  h_sync: 1406  h_sync_end 1438 h_blank_end 1526 h_border: 0
[    15.927] (II) modeset(0): v_active: 768  v_sync: 771  v_sync_end 777 v_blanking: 790 v_border: 0
[    15.927] (II) modeset(0): Supported detailed timing:
[    15.927] (II) modeset(0): clock: 48.2 MHz   Image Size:  256 x 144 mm
[    15.927] (II) modeset(0): h_active: 1366  h_sync: 1406  h_sync_end 1438 h_blank_end 1526 h_border: 0
[    15.927] (II) modeset(0): v_active: 768  v_sync: 771  v_sync_end 777 v_blanking: 790 v_border: 0
[    15.927] (II) modeset(0): Unknown vendor-specific block 2
[    15.927] (II) modeset(0): EDID (in hex):
[    15.927] (II) modeset(0): 	00ffffffffffff0006af5c3000000000
[    15.927] (II) modeset(0): 	00160104901a0e780299859555569228
[    15.927] (II) modeset(0): 	22505400000001010101010101010101
[    15.927] (II) modeset(0): 	0101010101013e1c56a0500016302820
[    15.927] (II) modeset(0): 	3600009010000018d41256a050001630
[    15.927] (II) modeset(0): 	28203600009010000018000000000000
[    15.927] (II) modeset(0): 	00000000000000000000000000000002
[    15.927] (II) modeset(0): 	000c26e50a3cc80f091ee12020200028
[    15.928] (II) modeset(0): Printing probed modes for output eDP-1
[    15.928] (II) modeset(0): Modeline "1366x768"x60.0   72.30  1366 1406 1438 1526  768 771 777 790 -hsync -vsync (47.4 kHz eP)
[    15.928] (II) modeset(0): Modeline "1366x768"x40.0   48.20  1366 1406 1438 1526  768 771 777 790 -hsync -vsync (31.6 kHz e)
[    15.928] (II) modeset(0): Modeline "1360x768"x59.8   84.75  1360 1432 1568 1776  768 771 781 798 -hsync +vsync (47.7 kHz d)
[    15.928] (II) modeset(0): Modeline "1360x768"x60.0   72.00  1360 1408 1440 1520  768 771 781 790 +hsync -vsync (47.4 kHz d)
[    15.928] (II) modeset(0): Modeline "1280x720"x120.0  156.12  1280 1376 1512 1744  720 721 724 746 doublescan -hsync +vsync (89.5 kHz d)
[    15.928] (II) modeset(0): Modeline "1280x720"x120.0  120.75  1280 1304 1320 1360  720 721 724 740 doublescan +hsync -vsync (88.8 kHz d)
[    15.928] (II) modeset(0): Modeline "1280x720"x59.9   74.50  1280 1344 1472 1664  720 723 728 748 -hsync +vsync (44.8 kHz d)
[    15.928] (II) modeset(0): Modeline "1280x720"x59.7   63.75  1280 1328 1360 1440  720 723 728 741 +hsync -vsync (44.3 kHz d)
[    15.928] (II) modeset(0): Modeline "1024x768"x120.1  133.47  1024 1100 1212 1400  768 768 770 794 doublescan -hsync +vsync (95.3 kHz d)
[    15.928] (II) modeset(0): Modeline "1024x768"x60.0   65.00  1024 1048 1184 1344  768 771 777 806 -hsync -vsync (48.4 kHz d)
[    15.928] (II) modeset(0): Modeline "960x720"x120.0  117.00  960 1024 1128 1300  720 720 722 750 doublescan -hsync +vsync (90.0 kHz d)
[    15.928] (II) modeset(0): Modeline "928x696"x120.1  109.15  928 976 1088 1264  696 696 698 719 doublescan -hsync +vsync (86.4 kHz d)
[    15.928] (II) modeset(0): Modeline "896x672"x120.0  102.40  896 960 1060 1224  672 672 674 697 doublescan -hsync +vsync (83.7 kHz d)
[    15.928] (II) modeset(0): Modeline "1024x576"x119.9   98.50  1024 1092 1200 1376  576 577 580 597 doublescan -hsync +vsync (71.6 kHz d)
[    15.928] (II) modeset(0): Modeline "1024x576"x119.9   78.38  1024 1048 1064 1104  576 577 580 592 doublescan +hsync -vsync (71.0 kHz d)
[    15.928] (II) modeset(0): Modeline "1024x576"x59.9   46.50  1024 1064 1160 1296  576 579 584 599 -hsync +vsync (35.9 kHz d)
[    15.928] (II) modeset(0): Modeline "1024x576"x59.8   42.00  1024 1072 1104 1184  576 579 584 593 +hsync -vsync (35.5 kHz d)
[    15.928] (II) modeset(0): Modeline "960x600"x119.9   96.62  960 1028 1128 1296  600 601 604 622 doublescan -hsync +vsync (74.6 kHz d)
[    15.928] (II) modeset(0): Modeline "960x600"x120.0   77.00  960 984 1000 1040  600 601 604 617 doublescan +hsync -vsync (74.0 kHz d)
[    15.928] (II) modeset(0): Modeline "960x540"x119.9   86.50  960 1024 1124 1288  540 541 544 560 doublescan -hsync +vsync (67.2 kHz d)
[    15.928] (II) modeset(0): Modeline "960x540"x120.0   69.25  960 984 1000 1040  540 541 544 555 doublescan +hsync -vsync (66.6 kHz d)
[    15.928] (II) modeset(0): Modeline "960x540"x59.6   40.75  960 992 1088 1216  540 543 548 562 -hsync +vsync (33.5 kHz d)
[    15.928] (II) modeset(0): Modeline "960x540"x59.8   37.25  960 1008 1040 1120  540 543 548 556 +hsync -vsync (33.3 kHz d)
[    15.928] (II) modeset(0): Modeline "800x600"x120.0   81.00  800 832 928 1080  600 600 602 625 doublescan +hsync +vsync (75.0 kHz d)
[    15.928] (II) modeset(0): Modeline "800x600"x60.3   40.00  800 840 968 1056  600 601 605 628 +hsync +vsync (37.9 kHz d)
[    15.928] (II) modeset(0): Modeline "800x600"x56.2   36.00  800 824 896 1024  600 601 603 625 +hsync +vsync (35.2 kHz d)
[    15.928] (II) modeset(0): Modeline "840x525"x120.0   73.12  840 892 980 1120  525 526 529 544 doublescan -hsync +vsync (65.3 kHz d)
[    15.928] (II) modeset(0): Modeline "840x525"x119.8   59.50  840 864 880 920  525 526 529 540 doublescan +hsync -vsync (64.7 kHz d)
[    15.928] (II) modeset(0): Modeline "864x486"x59.9   32.50  864 888 968 1072  486 489 494 506 -hsync +vsync (30.3 kHz d)
[    15.928] (II) modeset(0): Modeline "864x486"x59.6   30.50  864 912 944 1024  486 489 494 500 +hsync -vsync (29.8 kHz d)
[    15.928] (II) modeset(0): Modeline "800x512"x120.3   51.56  800 800 828 832  512 512 514 515 doublescan +hsync +vsync (62.0 kHz d)
[    15.928] (II) modeset(0): Modeline "700x525"x120.0   61.00  700 744 820 940  525 526 532 541 doublescan +hsync +vsync (64.9 kHz d)
[    15.928] (II) modeset(0): Modeline "800x450"x119.9   59.12  800 848 928 1056  450 451 454 467 doublescan -hsync +vsync (56.0 kHz d)
[    15.928] (II) modeset(0): Modeline "800x450"x119.6   48.75  800 824 840 880  450 451 454 463 doublescan +hsync -vsync (55.4 kHz d)
[    15.928] (II) modeset(0): Modeline "640x512"x120.0   54.00  640 664 720 844  512 512 514 533 doublescan +hsync +vsync (64.0 kHz d)
[    15.928] (II) modeset(0): Modeline "720x450"x119.8   53.25  720 760 836 952  450 451 454 467 doublescan -hsync +vsync (55.9 kHz d)
[    15.928] (II) modeset(0): Modeline "700x450"x119.9   51.75  700 740 812 924  450 451 456 467 doublescan -hsync +vsync (56.0 kHz d)
[    15.928] (II) modeset(0): Modeline "700x450"x119.8   43.25  700 724 740 780  450 451 456 463 doublescan +hsync -vsync (55.4 kHz d)
[    15.928] (II) modeset(0): Modeline "640x480"x120.0   54.00  640 688 744 900  480 480 482 500 doublescan +hsync +vsync (60.0 kHz d)
[    15.928] (II) modeset(0): Modeline "640x480"x59.9   25.18  640 656 752 800  480 490 492 525 -hsync -vsync (31.5 kHz d)
[    15.928] (II) modeset(0): Modeline "720x405"x59.5   22.50  720 744 808 896  405 408 413 422 -hsync +vsync (25.1 kHz d)
[    15.928] (II) modeset(0): Modeline "720x405"x59.0   21.75  720 768 800 880  405 408 413 419 +hsync -vsync (24.7 kHz d)
[    15.928] (II) modeset(0): Modeline "684x384"x119.8   42.62  684 720 788 892  384 385 390 399 doublescan -hsync +vsync (47.8 kHz d)
[    15.928] (II) modeset(0): Modeline "684x384"x119.7   36.12  684 708 724 764  384 385 390 395 doublescan +hsync -vsync (47.3 kHz d)
[    15.928] (II) modeset(0): Modeline "680x384"x119.6   42.38  680 716 784 888  384 385 390 399 doublescan -hsync +vsync (47.7 kHz d)
[    15.928] (II) modeset(0): Modeline "680x384"x119.9   36.00  680 704 720 760  384 385 390 395 doublescan +hsync -vsync (47.4 kHz d)
[    15.928] (II) modeset(0): Modeline "640x400"x119.8   41.75  640 676 740 840  400 401 404 415 doublescan -hsync +vsync (49.7 kHz d)
[    15.928] (II) modeset(0): Modeline "640x400"x120.0   35.50  640 664 680 720  400 401 404 411 doublescan +hsync -vsync (49.3 kHz d)
[    15.928] (II) modeset(0): Modeline "576x432"x120.1   40.81  576 608 668 760  432 432 434 447 doublescan -hsync +vsync (53.7 kHz d)
[    15.929] (II) modeset(0): Modeline "640x360"x119.7   37.25  640 672 736 832  360 361 364 374 doublescan -hsync +vsync (44.8 kHz d)
[    15.929] (II) modeset(0): Modeline "640x360"x119.7   31.88  640 664 680 720  360 361 364 370 doublescan +hsync -vsync (44.3 kHz d)
[    15.929] (II) modeset(0): Modeline "640x360"x59.8   18.00  640 664 720 800  360 363 368 376 -hsync +vsync (22.5 kHz d)
[    15.929] (II) modeset(0): Modeline "640x360"x59.3   17.75  640 688 720 800  360 363 368 374 +hsync -vsync (22.2 kHz d)
[    15.929] (II) modeset(0): Modeline "512x384"x120.0   32.50  512 524 592 672  384 385 388 403 doublescan -hsync -vsync (48.4 kHz d)
[    15.929] (II) modeset(0): Modeline "512x288"x120.0   23.25  512 532 580 648  288 289 292 299 doublescan -hsync +vsync (35.9 kHz d)
[    15.929] (II) modeset(0): Modeline "512x288"x119.8   21.00  512 536 552 592  288 289 292 296 doublescan +hsync -vsync (35.5 kHz d)
[    15.929] (II) modeset(0): Modeline "480x270"x119.3   20.38  480 496 544 608  270 271 274 281 doublescan -hsync +vsync (33.5 kHz d)
[    15.929] (II) modeset(0): Modeline "480x270"x119.6   18.62  480 504 520 560  270 271 274 278 doublescan +hsync -vsync (33.3 kHz d)
[    15.929] (II) modeset(0): Modeline "400x300"x120.6   20.00  400 420 484 528  300 300 302 314 doublescan +hsync +vsync (37.9 kHz d)
[    15.929] (II) modeset(0): Modeline "400x300"x112.7   18.00  400 412 448 512  300 300 301 312 doublescan +hsync +vsync (35.2 kHz d)
[    15.929] (II) modeset(0): Modeline "432x243"x119.8   16.25  432 444 484 536  243 244 247 253 doublescan -hsync +vsync (30.3 kHz d)
[    15.929] (II) modeset(0): Modeline "432x243"x119.1   15.25  432 456 472 512  243 244 247 250 doublescan +hsync -vsync (29.8 kHz d)
[    15.929] (II) modeset(0): Modeline "320x240"x120.1   12.59  320 328 376 400  240 245 246 262 doublescan -hsync -vsync (31.5 kHz d)
[    15.929] (II) modeset(0): Modeline "360x202"x119.0   11.25  360 372 404 448  202 204 206 211 doublescan -hsync +vsync (25.1 kHz d)
[    15.929] (II) modeset(0): Modeline "360x202"x118.3   10.88  360 384 400 440  202 204 206 209 doublescan +hsync -vsync (24.7 kHz d)
[    15.929] (II) modeset(0): Modeline "320x180"x119.7    9.00  320 332 360 400  180 181 184 188 doublescan -hsync +vsync (22.5 kHz d)
[    15.929] (II) modeset(0): Modeline "320x180"x118.6    8.88  320 344 360 400  180 181 184 187 doublescan +hsync -vsync (22.2 kHz d)
[    15.929] (II) modeset(0): EDID for output DP-1
[    15.930] (II) modeset(0): EDID for output HDMI-1
[    15.930] (II) modeset(0): EDID for output DP-2
[    15.933] (II) modeset(0): EDID for output HDMI-2
[    15.933] (II) modeset(0): Output eDP-1 connected
[    15.933] (II) modeset(0): Output DP-1 disconnected
[    15.933] (II) modeset(0): Output HDMI-1 disconnected
[    15.933] (II) modeset(0): Output DP-2 disconnected
[    15.933] (II) modeset(0): Output HDMI-2 disconnected
[    15.933] (II) modeset(0): Using exact sizes for initial modes
[    15.933] (II) modeset(0): Output eDP-1 using initial mode 1366x768 +0+0
[    15.933] (==) modeset(0): Using gamma correction (1.0, 1.0, 1.0)
[    15.933] (==) modeset(0): DPI set to (96, 96)
[    15.933] (II) Loading sub module "fb"
[    15.933] (II) LoadModule: "fb"
[    15.933] (II) Loading /usr/lib/xorg/modules/libfb.so
[    15.934] (II) Module fb: vendor="X.Org Foundation"
[    15.934] 	compiled for 1.20.13, module version = 1.0.0
[    15.934] 	ABI class: X.Org ANSI C Emulation, version 0.4
[    15.934] (II) UnloadModule: "fbdev"
[    15.934] (II) Unloading fbdev
[    15.934] (II) UnloadSubModule: "fbdevhw"
[    15.934] (II) Unloading fbdevhw
[    15.935] (II) UnloadModule: "vesa"
[    15.935] (II) Unloading vesa
[    15.972] (==) modeset(0): Backing store enabled
[    15.972] (==) modeset(0): Silken mouse enabled
[    16.041] (II) modeset(0): Initializing kms color map for depth 24, 8 bpc.
[    16.041] (==) modeset(0): DPMS enabled
[    16.041] (II) modeset(0): [DRI2] Setup complete
[    16.041] (II) modeset(0): [DRI2]   DRI driver: iris
[    16.041] (II) modeset(0): [DRI2]   VDPAU driver: va_gl
[    16.041] (II) Initializing extension Generic Event Extension
[    16.042] (II) Initializing extension SHAPE
[    16.042] (II) Initializing extension MIT-SHM
[    16.042] (II) Initializing extension XInputExtension
[    16.043] (II) Initializing extension XTEST
[    16.043] (II) Initializing extension BIG-REQUESTS
[    16.043] (II) Initializing extension SYNC
[    16.043] (II) Initializing extension XKEYBOARD
[    16.044] (II) Initializing extension XC-MISC
[    16.044] (II) Initializing extension SECURITY
[    16.044] (II) Initializing extension XFIXES
[    16.044] (II) Initializing extension RENDER
[    16.044] (II) Initializing extension RANDR
[    16.045] (II) Initializing extension COMPOSITE
[    16.045] (II) Initializing extension DAMAGE
[    16.045] (II) Initializing extension MIT-SCREEN-SAVER
[    16.045] (II) Initializing extension DOUBLE-BUFFER
[    16.045] (II) Initializing extension RECORD
[    16.046] (II) Initializing extension DPMS
[    16.046] (II) Initializing extension Present
[    16.046] (II) Initializing extension DRI3
[    16.046] (II) Initializing extension X-Resource
[    16.046] (II) Initializing extension XVideo
[    16.047] (II) Initializing extension XVideo-MotionCompensation
[    16.047] (II) Initializing extension SELinux
[    16.047] (II) SELinux: Disabled on system
[    16.047] (II) Initializing extension GLX
[    16.057] (II) AIGLX: Loaded and initialized iris
[    16.057] (II) GLX: Initialized DRI2 GL provider for screen 0
[    16.057] (II) Initializing extension XFree86-VidModeExtension
[    16.057] (II) Initializing extension XFree86-DGA
[    16.057] (II) Initializing extension XFree86-DRI
[    16.057] (II) Initializing extension DRI2
[    16.058] (II) modeset(0): Damage tracking initialized
[    16.058] (II) modeset(0): Setting screen physical size to 361 x 203
[    16.115] (II) config/udev: Adding input device Power Button (/dev/input/event2)
[    16.115] (**) Power Button: Applying InputClass "libinput keyboard catchall"
[    16.115] (II) LoadModule: "libinput"
[    16.115] (II) Loading /usr/lib/xorg/modules/input/libinput_drv.so
[    16.118] (II) Module libinput: vendor="X.Org Foundation"
[    16.118] 	compiled for 1.20.4, module version = 0.29.0
[    16.118] 	Module class: X.Org XInput Driver
[    16.118] 	ABI class: X.Org XInput driver, version 24.1
[    16.118] (II) Using input driver 'libinput' for 'Power Button'
[    16.119] (II) systemd-logind: got fd for /dev/input/event2 13:66 fd 26 paused 0
[    16.119] (**) Power Button: always reports core events
[    16.119] (**) Option "Device" "/dev/input/event2"
[    16.119] (**) Option "_source" "server/udev"
[    16.122] (II) event2  - Power Button: is tagged by udev as: Keyboard
[    16.122] (II) event2  - Power Button: device is a keyboard
[    16.122] (II) event2  - Power Button: device removed
[    16.122] (**) Option "config_info" "udev:/sys/devices/LNXSYSTM:00/LNXPWRBN:00/input/input2/event2"
[    16.122] (II) XINPUT: Adding extended input device "Power Button" (type: KEYBOARD, id 6)
[    16.122] (**) Option "xkb_model" "pc105"
[    16.122] (**) Option "xkb_layout" "us"
[    16.124] (II) event2  - Power Button: is tagged by udev as: Keyboard
[    16.124] (II) event2  - Power Button: device is a keyboard
[    16.125] (II) config/udev: Adding input device Video Bus (/dev/input/event7)
[    16.125] (**) Video Bus: Applying InputClass "libinput keyboard catchall"
[    16.125] (II) Using input driver 'libinput' for 'Video Bus'
[    16.127] (II) systemd-logind: got fd for /dev/input/event7 13:71 fd 29 paused 0
[    16.127] (**) Video Bus: always reports core events
[    16.127] (**) Option "Device" "/dev/input/event7"
[    16.127] (**) Option "_source" "server/udev"
[    16.128] (II) event7  - Video Bus: is tagged by udev as: Keyboard
[    16.128] (II) event7  - Video Bus: device is a keyboard
[    16.129] (II) event7  - Video Bus: device removed
[    16.129] (**) Option "config_info" "udev:/sys/devices/LNXSYSTM:00/LNXSYBUS:00/PNP0A08:00/LNXVIDEO:00/input/input14/event7"
[    16.129] (II) XINPUT: Adding extended input device "Video Bus" (type: KEYBOARD, id 7)
[    16.129] (**) Option "xkb_model" "pc105"
[    16.129] (**) Option "xkb_layout" "us"
[    16.131] (II) event7  - Video Bus: is tagged by udev as: Keyboard
[    16.131] (II) event7  - Video Bus: device is a keyboard
[    16.134] (II) config/udev: Adding input device Lid Switch (/dev/input/event1)
[    16.134] (II) No input driver specified, ignoring this device.
[    16.134] (II) This device may have been added with another device file.
[    16.135] (II) config/udev: Adding input device Sleep Button (/dev/input/event0)
[    16.135] (**) Sleep Button: Applying InputClass "libinput keyboard catchall"
[    16.135] (II) Using input driver 'libinput' for 'Sleep Button'
[    16.136] (II) systemd-logind: got fd for /dev/input/event0 13:64 fd 30 paused 0
[    16.137] (**) Sleep Button: always reports core events
[    16.137] (**) Option "Device" "/dev/input/event0"
[    16.137] (**) Option "_source" "server/udev"
[    16.138] (II) event0  - Sleep Button: is tagged by udev as: Keyboard
[    16.138] (II) event0  - Sleep Button: device is a keyboard
[    16.138] (II) event0  - Sleep Button: device removed
[    16.138] (**) Option "config_info" "udev:/sys/devices/LNXSYSTM:00/LNXSYBUS:00/PNP0C0E:00/input/input0/event0"
[    16.138] (II) XINPUT: Adding extended input device "Sleep Button" (type: KEYBOARD, id 8)
[    16.138] (**) Option "xkb_model" "pc105"
[    16.138] (**) Option "xkb_layout" "us"
[    16.140] (II) event0  - Sleep Button: is tagged by udev as: Keyboard
[    16.140] (II) event0  - Sleep Button: device is a keyboard
[    16.141] (II) config/udev: Adding input device HDA Intel HDMI HDMI/DP,pcm=3 (/dev/input/event16)
[    16.141] (II) No input driver specified, ignoring this device.
[    16.141] (II) This device may have been added with another device file.
[    16.142] (II) config/udev: Adding input device HDA Intel HDMI HDMI/DP,pcm=7 (/dev/input/event17)
[    16.142] (II) No input driver specified, ignoring this device.
[    16.142] (II) This device may have been added with another device file.
[    16.142] (II) config/udev: Adding input device HDA Intel HDMI HDMI/DP,pcm=8 (/dev/input/event18)
[    16.142] (II) No input driver specified, ignoring this device.
[    16.142] (II) This device may have been added with another device file.
[    16.143] (II) config/udev: Adding input device HDA Intel HDMI HDMI/DP,pcm=9 (/dev/input/event19)
[    16.143] (II) No input driver specified, ignoring this device.
[    16.143] (II) This device may have been added with another device file.
[    16.144] (II) config/udev: Adding input device HDA Intel HDMI HDMI/DP,pcm=10 (/dev/input/event20)
[    16.144] (II) No input driver specified, ignoring this device.
[    16.144] (II) This device may have been added with another device file.
[    16.144] (II) config/udev: Adding input device YICHIP Wireless Device Mouse (/dev/input/event9)
[    16.145] (**) YICHIP Wireless Device Mouse: Applying InputClass "libinput pointer catchall"
[    16.145] (II) Using input driver 'libinput' for 'YICHIP Wireless Device Mouse'
[    16.146] (II) systemd-logind: got fd for /dev/input/event9 13:73 fd 31 paused 0
[    16.146] (**) YICHIP Wireless Device Mouse: always reports core events
[    16.146] (**) Option "Device" "/dev/input/event9"
[    16.146] (**) Option "_source" "server/udev"
[    16.147] (II) event9  - YICHIP Wireless Device Mouse: is tagged by udev as: Mouse
[    16.148] (II) event9  - YICHIP Wireless Device Mouse: device is a pointer
[    16.148] (II) event9  - YICHIP Wireless Device Mouse: device removed
[    16.148] (**) Option "config_info" "udev:/sys/devices/pci0000:00/0000:00:14.0/usb2/2-3/2-3:1.1/0003:3151:1020.0002/input/input16/event9"
[    16.148] (II) XINPUT: Adding extended input device "YICHIP Wireless Device Mouse" (type: MOUSE, id 9)
[    16.148] (**) Option "AccelerationScheme" "none"
[    16.148] (**) YICHIP Wireless Device Mouse: (accel) selected scheme none/0
[    16.148] (**) YICHIP Wireless Device Mouse: (accel) acceleration factor: 2.000
[    16.148] (**) YICHIP Wireless Device Mouse: (accel) acceleration threshold: 4
[    16.151] (II) event9  - YICHIP Wireless Device Mouse: is tagged by udev as: Mouse
[    16.151] (II) event9  - YICHIP Wireless Device Mouse: device is a pointer
[    16.153] (II) config/udev: Adding input device YICHIP Wireless Device Mouse (/dev/input/mouse1)
[    16.153] (II) No input driver specified, ignoring this device.
[    16.153] (II) This device may have been added with another device file.
[    16.155] (II) config/udev: Adding input device YICHIP Wireless Device System Control (/dev/input/event10)
[    16.155] (**) YICHIP Wireless Device System Control: Applying InputClass "libinput keyboard catchall"
[    16.155] (II) Using input driver 'libinput' for 'YICHIP Wireless Device System Control'
[    16.156] (II) systemd-logind: got fd for /dev/input/event10 13:74 fd 32 paused 0
[    16.157] (**) YICHIP Wireless Device System Control: always reports core events
[    16.157] (**) Option "Device" "/dev/input/event10"
[    16.157] (**) Option "_source" "server/udev"
[    16.160] (II) event10 - YICHIP Wireless Device System Control: is tagged by udev as: Keyboard
[    16.160] (II) event10 - YICHIP Wireless Device System Control: device is a keyboard
[    16.161] (II) event10 - YICHIP Wireless Device System Control: device removed
[    16.161] (**) Option "config_info" "udev:/sys/devices/pci0000:00/0000:00:14.0/usb2/2-3/2-3:1.1/0003:3151:1020.0002/input/input17/event10"
[    16.161] (II) XINPUT: Adding extended input device "YICHIP Wireless Device System Control" (type: KEYBOARD, id 10)
[    16.161] (**) Option "xkb_model" "pc105"
[    16.161] (**) Option "xkb_layout" "us"
[    16.165] (II) event10 - YICHIP Wireless Device System Control: is tagged by udev as: Keyboard
[    16.165] (II) event10 - YICHIP Wireless Device System Control: device is a keyboard
[    16.167] (II) config/udev: Adding input device YICHIP Wireless Device Consumer Control (/dev/input/event11)
[    16.168] (**) YICHIP Wireless Device Consumer Control: Applying InputClass "libinput keyboard catchall"
[    16.168] (II) Using input driver 'libinput' for 'YICHIP Wireless Device Consumer Control'
[    16.169] (II) systemd-logind: got fd for /dev/input/event11 13:75 fd 33 paused 0
[    16.170] (**) YICHIP Wireless Device Consumer Control: always reports core events
[    16.170] (**) Option "Device" "/dev/input/event11"
[    16.170] (**) Option "_source" "server/udev"
[    16.173] (II) event11 - YICHIP Wireless Device Consumer Control: is tagged by udev as: Keyboard
[    16.174] (II) event11 - YICHIP Wireless Device Consumer Control: device is a keyboard
[    16.174] (II) event11 - YICHIP Wireless Device Consumer Control: device removed
[    16.174] (II) libinput: YICHIP Wireless Device Consumer Control: needs a virtual subdevice
[    16.174] (**) Option "config_info" "udev:/sys/devices/pci0000:00/0000:00:14.0/usb2/2-3/2-3:1.1/0003:3151:1020.0002/input/input18/event11"
[    16.174] (II) XINPUT: Adding extended input device "YICHIP Wireless Device Consumer Control" (type: MOUSE, id 11)
[    16.174] (**) Option "AccelerationScheme" "none"
[    16.174] (**) YICHIP Wireless Device Consumer Control: (accel) selected scheme none/0
[    16.174] (**) YICHIP Wireless Device Consumer Control: (accel) acceleration factor: 2.000
[    16.174] (**) YICHIP Wireless Device Consumer Control: (accel) acceleration threshold: 4
[    16.178] (II) event11 - YICHIP Wireless Device Consumer Control: is tagged by udev as: Keyboard
[    16.178] (II) event11 - YICHIP Wireless Device Consumer Control: device is a keyboard
[    16.180] (II) config/udev: Adding input device HP HD Webcam: HP HD Webcam (/dev/input/event8)
[    16.180] (**) HP HD Webcam: HP HD Webcam: Applying InputClass "libinput keyboard catchall"
[    16.180] (II) Using input driver 'libinput' for 'HP HD Webcam: HP HD Webcam'
[    16.181] (II) systemd-logind: got fd for /dev/input/event8 13:72 fd 34 paused 0
[    16.181] (**) HP HD Webcam: HP HD Webcam: always reports core events
[    16.181] (**) Option "Device" "/dev/input/event8"
[    16.181] (**) Option "_source" "server/udev"
[    16.183] (II) event8  - HP HD Webcam: HP HD Webcam: is tagged by udev as: Keyboard
[    16.183] (II) event8  - HP HD Webcam: HP HD Webcam: device is a keyboard
[    16.183] (II) event8  - HP HD Webcam: HP HD Webcam: device removed
[    16.184] (**) Option "config_info" "udev:/sys/devices/pci0000:00/0000:00:14.0/usb2/2-7/2-7:1.0/input/input15/event8"
[    16.184] (II) XINPUT: Adding extended input device "HP HD Webcam: HP HD Webcam" (type: KEYBOARD, id 12)
[    16.184] (**) Option "xkb_model" "pc105"
[    16.184] (**) Option "xkb_layout" "us"
[    16.186] (II) event8  - HP HD Webcam: HP HD Webcam: is tagged by udev as: Keyboard
[    16.186] (II) event8  - HP HD Webcam: HP HD Webcam: device is a keyboard
[    16.187] (II) config/udev: Adding input device Atmel Atmel maXTouch Digitizer (/dev/input/event12)
[    16.187] (**) Atmel Atmel maXTouch Digitizer: Applying InputClass "libinput touchscreen catchall"
[    16.187] (II) Using input driver 'libinput' for 'Atmel Atmel maXTouch Digitizer'
[    16.189] (II) systemd-logind: got fd for /dev/input/event12 13:76 fd 35 paused 0
[    16.189] (**) Atmel Atmel maXTouch Digitizer: always reports core events
[    16.189] (**) Option "Device" "/dev/input/event12"
[    16.189] (**) Option "_source" "server/udev"
[    16.190] (II) event12 - Atmel Atmel maXTouch Digitizer: is tagged by udev as: Touchscreen
[    16.191] (II) event12 - Atmel Atmel maXTouch Digitizer: device is a touch device
[    16.191] (II) event12 - Atmel Atmel maXTouch Digitizer: device removed
[    16.191] (**) Option "config_info" "udev:/sys/devices/pci0000:00/0000:00:14.0/usb2/2-8/2-8:1.1/0003:03EB:8A06.0005/input/input22/event12"
[    16.191] (II) XINPUT: Adding extended input device "Atmel Atmel maXTouch Digitizer" (type: TOUCHSCREEN, id 13)
[    16.191] (**) Option "AccelerationScheme" "none"
[    16.191] (**) Atmel Atmel maXTouch Digitizer: (accel) selected scheme none/0
[    16.191] (**) Atmel Atmel maXTouch Digitizer: (accel) acceleration factor: 2.000
[    16.191] (**) Atmel Atmel maXTouch Digitizer: (accel) acceleration threshold: 4
[    16.193] (II) event12 - Atmel Atmel maXTouch Digitizer: is tagged by udev as: Touchscreen
[    16.193] (II) event12 - Atmel Atmel maXTouch Digitizer: device is a touch device
[    16.194] (II) config/udev: Adding input device Atmel Atmel maXTouch Digitizer (/dev/input/mouse2)
[    16.194] (II) No input driver specified, ignoring this device.
[    16.194] (II) This device may have been added with another device file.
[    16.196] (II) config/udev: Adding input device Atmel Atmel maXTouch Digitizer Stylus (/dev/input/event13)
[    16.196] (**) Atmel Atmel maXTouch Digitizer Stylus: Applying InputClass "libinput tablet catchall"
[    16.196] (II) Using input driver 'libinput' for 'Atmel Atmel maXTouch Digitizer Stylus'
[    16.198] (II) systemd-logind: got fd for /dev/input/event13 13:77 fd 36 paused 0
[    16.198] (**) Atmel Atmel maXTouch Digitizer Stylus: always reports core events
[    16.198] (**) Option "Device" "/dev/input/event13"
[    16.198] (**) Option "_source" "server/udev"
[    16.200] (II) event13 - Atmel Atmel maXTouch Digitizer Stylus: is tagged by udev as: Tablet
[    16.215] (II) event13 - Atmel Atmel maXTouch Digitizer Stylus: tablet 'Atmel Atmel maXTouch Digitizer Stylus' unknown to libwacom
[    16.215] (II) event13 - Atmel Atmel maXTouch Digitizer Stylus: device is a tablet
[    16.215] (II) event13 - Atmel Atmel maXTouch Digitizer Stylus: device removed
[    16.215] (**) Option "config_info" "udev:/sys/devices/pci0000:00/0000:00:14.0/usb2/2-8/2-8:1.1/0003:03EB:8A06.0005/input/input23/event13"
[    16.215] (II) XINPUT: Adding extended input device "Atmel Atmel maXTouch Digitizer Stylus" (type: TABLET, id 14)
[    16.217] (II) event13 - Atmel Atmel maXTouch Digitizer Stylus: is tagged by udev as: Tablet
[    16.218] (II) event13 - Atmel Atmel maXTouch Digitizer Stylus: tablet 'Atmel Atmel maXTouch Digitizer Stylus' unknown to libwacom
[    16.218] (II) event13 - Atmel Atmel maXTouch Digitizer Stylus: device is a tablet
[    16.219] (II) config/udev: Adding input device Atmel Atmel maXTouch Digitizer Stylus (/dev/input/mouse3)
[    16.219] (II) No input driver specified, ignoring this device.
[    16.219] (II) This device may have been added with another device file.
[    16.219] (II) config/udev: Adding input device HDA Intel PCH Mic (/dev/input/event14)
[    16.220] (II) No input driver specified, ignoring this device.
[    16.220] (II) This device may have been added with another device file.
[    16.220] (II) config/udev: Adding input device HDA Intel PCH Headphone (/dev/input/event15)
[    16.220] (II) No input driver specified, ignoring this device.
[    16.220] (II) This device may have been added with another device file.
[    16.221] (II) config/udev: Adding input device AT Translated Set 2 keyboard (/dev/input/event3)
[    16.221] (**) AT Translated Set 2 keyboard: Applying InputClass "libinput keyboard catchall"
[    16.221] (II) Using input driver 'libinput' for 'AT Translated Set 2 keyboard'
[    16.222] (II) systemd-logind: got fd for /dev/input/event3 13:67 fd 38 paused 0
[    16.222] (**) AT Translated Set 2 keyboard: always reports core events
[    16.222] (**) Option "Device" "/dev/input/event3"
[    16.222] (**) Option "_source" "server/udev"
[    16.223] (II) event3  - AT Translated Set 2 keyboard: is tagged by udev as: Keyboard
[    16.223] (II) event3  - AT Translated Set 2 keyboard: device is a keyboard
[    16.224] (II) event3  - AT Translated Set 2 keyboard: device removed
[    16.224] (**) Option "config_info" "udev:/sys/devices/platform/i8042/serio0/input/input3/event3"
[    16.224] (II) XINPUT: Adding extended input device "AT Translated Set 2 keyboard" (type: KEYBOARD, id 15)
[    16.224] (**) Option "xkb_model" "pc105"
[    16.224] (**) Option "xkb_layout" "us"
[    16.226] (II) event3  - AT Translated Set 2 keyboard: is tagged by udev as: Keyboard
[    16.226] (II) event3  - AT Translated Set 2 keyboard: device is a keyboard
[    16.227] (II) config/udev: Adding input device AlpsPS/2 ALPS GlidePoint (/dev/input/event5)
[    16.227] (**) AlpsPS/2 ALPS GlidePoint: Applying InputClass "libinput touchpad catchall"
[    16.227] (II) Using input driver 'libinput' for 'AlpsPS/2 ALPS GlidePoint'
[    16.228] (II) systemd-logind: got fd for /dev/input/event5 13:69 fd 39 paused 0
[    16.228] (**) AlpsPS/2 ALPS GlidePoint: always reports core events
[    16.228] (**) Option "Device" "/dev/input/event5"
[    16.228] (**) Option "_source" "server/udev"
[    16.229] (II) event5  - AlpsPS/2 ALPS GlidePoint: is tagged by udev as: Touchpad
[    16.231] (II) event5  - AlpsPS/2 ALPS GlidePoint: device is a touchpad
[    16.231] (II) event5  - AlpsPS/2 ALPS GlidePoint: device removed
[    16.231] (**) Option "config_info" "udev:/sys/devices/platform/i8042/serio3/input/input10/event5"
[    16.231] (II) XINPUT: Adding extended input device "AlpsPS/2 ALPS GlidePoint" (type: TOUCHPAD, id 16)
[    16.233] (**) Option "AccelerationScheme" "none"
[    16.233] (**) AlpsPS/2 ALPS GlidePoint: (accel) selected scheme none/0
[    16.233] (**) AlpsPS/2 ALPS GlidePoint: (accel) acceleration factor: 2.000
[    16.233] (**) AlpsPS/2 ALPS GlidePoint: (accel) acceleration threshold: 4
[    16.235] (II) event5  - AlpsPS/2 ALPS GlidePoint: is tagged by udev as: Touchpad
[    16.236] (II) event5  - AlpsPS/2 ALPS GlidePoint: device is a touchpad
[    16.237] (II) config/udev: Adding input device AlpsPS/2 ALPS GlidePoint (/dev/input/mouse0)
[    16.237] (II) No input driver specified, ignoring this device.
[    16.237] (II) This device may have been added with another device file.
[    16.240] (II) config/udev: Adding input device HP Wireless hotkeys (/dev/input/event4)
[    16.240] (**) HP Wireless hotkeys: Applying InputClass "libinput keyboard catchall"
[    16.240] (II) Using input driver 'libinput' for 'HP Wireless hotkeys'
[    16.241] (II) systemd-logind: got fd for /dev/input/event4 13:68 fd 40 paused 0
[    16.241] (**) HP Wireless hotkeys: always reports core events
[    16.241] (**) Option "Device" "/dev/input/event4"
[    16.241] (**) Option "_source" "server/udev"
[    16.242] (II) event4  - HP Wireless hotkeys: is tagged by udev as: Keyboard
[    16.242] (II) event4  - HP Wireless hotkeys: device is a keyboard
[    16.242] (II) event4  - HP Wireless hotkeys: device removed
[    16.242] (**) Option "config_info" "udev:/sys/devices/virtual/input/input11/event4"
[    16.242] (II) XINPUT: Adding extended input device "HP Wireless hotkeys" (type: KEYBOARD, id 17)
[    16.242] (**) Option "xkb_model" "pc105"
[    16.242] (**) Option "xkb_layout" "us"
[    16.243] (II) event4  - HP Wireless hotkeys: is tagged by udev as: Keyboard
[    16.243] (II) event4  - HP Wireless hotkeys: device is a keyboard
[    16.244] (II) config/udev: Adding input device HP WMI hotkeys (/dev/input/event6)
[    16.244] (**) HP WMI hotkeys: Applying InputClass "libinput keyboard catchall"
[    16.244] (II) Using input driver 'libinput' for 'HP WMI hotkeys'
[    16.245] (II) systemd-logind: got fd for /dev/input/event6 13:70 fd 41 paused 0
[    16.245] (**) HP WMI hotkeys: always reports core events
[    16.245] (**) Option "Device" "/dev/input/event6"
[    16.245] (**) Option "_source" "server/udev"
[    16.246] (II) event6  - HP WMI hotkeys: is tagged by udev as: Keyboard Switch
[    16.246] (II) event6  - HP WMI hotkeys: device is a keyboard
[    16.246] (II) event6  - HP WMI hotkeys: device removed
[    16.246] (**) Option "config_info" "udev:/sys/devices/virtual/input/input13/event6"
[    16.246] (II) XINPUT: Adding extended input device "HP WMI hotkeys" (type: KEYBOARD, id 18)
[    16.246] (**) Option "xkb_model" "pc105"
[    16.246] (**) Option "xkb_layout" "us"
[    16.247] (II) event6  - HP WMI hotkeys: is tagged by udev as: Keyboard Switch
[    16.247] (II) event6  - HP WMI hotkeys: device is a keyboard
[    16.258] (**) YICHIP Wireless Device Consumer Control: Applying InputClass "libinput keyboard catchall"
[    16.258] (II) Using input driver 'libinput' for 'YICHIP Wireless Device Consumer Control'
[    16.258] (II) systemd-logind: returning pre-existing fd for /dev/input/event11 13:75
[    16.258] (**) YICHIP Wireless Device Consumer Control: always reports core events
[    16.258] (**) Option "Device" "/dev/input/event11"
[    16.258] (**) Option "_source" "_driver/libinput"
[    16.258] (II) libinput: YICHIP Wireless Device Consumer Control: is a virtual subdevice
[    16.258] (**) Option "config_info" "udev:/sys/devices/pci0000:00/0000:00:14.0/usb2/2-3/2-3:1.1/0003:3151:1020.0002/input/input18/event11"
[    16.258] (II) XINPUT: Adding extended input device "YICHIP Wireless Device Consumer Control" (type: KEYBOARD, id 19)
[    16.258] (**) Option "xkb_model" "pc105"
[    16.258] (**) Option "xkb_layout" "us"
[    17.183] (II) modeset(0): EDID vendor "AUO", prod id 12380
[    17.183] (II) modeset(0): Printing DDC gathered Modelines:
[    17.183] (II) modeset(0): Modeline "1366x768"x0.0   72.30  1366 1406 1438 1526  768 771 777 790 -hsync -vsync (47.4 kHz eP)
[    17.183] (II) modeset(0): Modeline "1366x768"x0.0   48.20  1366 1406 1438 1526  768 771 777 790 -hsync -vsync (31.6 kHz e)
[  2938.300] (II) libinput: Atmel Atmel maXTouch Digitizer Stylus: needs a virtual subdevice
[  2938.300] (**) Atmel Atmel maXTouch Digitizer Stylus Pen (0): Applying InputClass "libinput tablet catchall"
[  2938.300] (II) Using input driver 'libinput' for 'Atmel Atmel maXTouch Digitizer Stylus Pen (0)'
[  2938.300] (II) systemd-logind: returning pre-existing fd for /dev/input/event13 13:77
[  2938.300] (**) Atmel Atmel maXTouch Digitizer Stylus Pen (0): always reports core events
[  2938.300] (**) Option "Device" "/dev/input/event13"
[  2938.300] (**) Option "_source" "_driver/libinput"
[  2938.300] (II) libinput: Atmel Atmel maXTouch Digitizer Stylus Pen (0): is a virtual subdevice
[  2938.301] (**) Option "config_info" "udev:/sys/devices/pci0000:00/0000:00:14.0/usb2/2-8/2-8:1.1/0003:03EB:8A06.0005/input/input23/event13"
[  2938.301] (II) XINPUT: Adding extended input device "Atmel Atmel maXTouch Digitizer Stylus Pen (0)" (type: STYLUS, id 20)
[  2938.301] (**) Option "AccelerationScheme" "none"
[  2938.302] (**) Atmel Atmel maXTouch Digitizer Stylus Pen (0): (accel) selected scheme none/0
[  2938.302] (**) Atmel Atmel maXTouch Digitizer Stylus Pen (0): (accel) acceleration factor: 2.000
[  2938.303] (**) Atmel Atmel maXTouch Digitizer Stylus Pen (0): (accel) acceleration threshold: 4
[  8677.308] (EE) event5  - AlpsPS/2 ALPS GlidePoint: kernel bug: Touch jump detected and discarded.
See https://wayland.freedesktop.org/libinput/doc/1.15.5/touchpad-jumping-cursors.html for details
