0 verbose cli [
0 verbose cli   '/home/victorious/.nvm/versions/node/v16.15.0/bin/node',
0 verbose cli   '/home/victorious/.nvm/versions/node/v16.15.0/bin/npm',
0 verbose cli   'view',
0 verbose cli   '--json',
0 verbose cli   'mocha-multi',
0 verbose cli   'description',
0 verbose cli   'dist-tags.latest',
0 verbose cli   'homepage',
0 verbose cli   'version'
0 verbose cli ]
1 info using npm@8.5.5
2 info using node@v16.15.0
3 timing npm:load:whichnode Completed in 1ms
4 timing config:load:defaults Completed in 2ms
5 timing config:load:file:/home/victorious/.nvm/versions/node/v16.15.0/lib/node_modules/npm/npmrc Completed in 1ms
6 timing config:load:builtin Completed in 1ms
7 timing config:load:cli Completed in 2ms
8 timing config:load:env Completed in 1ms
9 timing config:load:file:/home/victorious/Development/code/prework/phase-0-completing-assignments/.npmrc Completed in 0ms
10 timing config:load:project Completed in 10ms
11 timing config:load:file:/home/victorious/.npmrc Completed in 0ms
12 timing config:load:user Completed in 0ms
13 timing config:load:file:/home/victorious/.nvm/versions/node/v16.15.0/etc/npmrc Completed in 0ms
14 timing config:load:global Completed in 0ms
15 timing config:load:validate Completed in 0ms
16 timing config:load:credentials Completed in 2ms
17 timing config:load:setEnvs Completed in 1ms
18 timing config:load Completed in 21ms
19 timing npm:load:configload Completed in 21ms
20 timing npm:load:setTitle Completed in 0ms
21 timing config:load:flatten Completed in 4ms
22 timing npm:load:display Completed in 5ms
23 verbose logfile /home/victorious/.npm/_logs/2022-06-05T09_03_47_344Z-debug-0.log
24 timing npm:load:logFile Completed in 6ms
25 timing npm:load:timers Completed in 0ms
26 timing npm:load:configScope Completed in 0ms
27 timing npm:load Completed in 33ms
28 silly logfile start cleaning logs, removing 1 files
29 timing command:view Completed in 70122ms
30 verbose type system
31 verbose stack FetchError: request to https://registry.npmjs.org/mocha-multi failed, reason: getaddrinfo EAI_AGAIN registry.npmjs.org
31 verbose stack     at ClientRequest.<anonymous> (/home/victorious/.nvm/versions/node/v16.15.0/lib/node_modules/npm/node_modules/minipass-fetch/lib/index.js:130:14)
31 verbose stack     at ClientRequest.emit (node:events:527:28)
31 verbose stack     at TLSSocket.socketErrorListener (node:_http_client:454:9)
31 verbose stack     at TLSSocket.emit (node:events:539:35)
31 verbose stack     at emitErrorNT (node:internal/streams/destroy:157:8)
31 verbose stack     at emitErrorCloseNT (node:internal/streams/destroy:122:3)
31 verbose stack     at processTicksAndRejections (node:internal/process/task_queues:83:21)
32 verbose cwd /home/victorious/Development/code/prework/phase-0-completing-assignments
33 verbose Linux 5.13.0-44-generic
34 verbose argv "/home/victorious/.nvm/versions/node/v16.15.0/bin/node" "/home/victorious/.nvm/versions/node/v16.15.0/bin/npm" "view" "--json" "mocha-multi" "description" "dist-tags.latest" "homepage" "version"
35 verbose node v16.15.0
36 verbose npm  v8.5.5
37 error code EAI_AGAIN
38 error syscall getaddrinfo
39 error errno EAI_AGAIN
40 error request to https://registry.npmjs.org/mocha-multi failed, reason: getaddrinfo EAI_AGAIN registry.npmjs.org
41 verbose exit 1
42 timing npm Completed in 70354ms
43 verbose code 1
44 error A complete log of this run can be found in:
44 error     /home/victorious/.npm/_logs/2022-06-05T09_03_47_344Z-debug-0.log
