[2022-06-02T11:35:15.289Z] Validating found git in: git
[2022-06-02T11:35:15.337Z] Using git 2.36.1 from git
[2022-06-02T11:35:15.354Z] > git rev-parse --show-toplevel [4ms]
[2022-06-02T11:35:15.378Z] > git rev-parse --git-dir --git-common-dir [7ms]
[2022-06-02T11:35:15.388Z] Open repository: /home/victorious/Development/code/prework/phase-0-completing-assignments
[2022-06-02T11:35:15.403Z] > git status -z -uall [3ms]
[2022-06-02T11:35:15.418Z] > git symbolic-ref --short HEAD [6ms]
[2022-06-02T11:35:15.432Z] > git for-each-ref --format=%(refname)%00%(upstream:short)%00%(objectname)%00%(upstream:track)%00%(upstream:remotename)%00%(upstream:remoteref) refs/heads/master refs/remotes/master [1ms]
[2022-06-02T11:35:15.459Z] > git remote --verbose [6ms]
[2022-06-02T11:35:15.460Z] > git for-each-ref --sort -committerdate --format %(refname) %(objectname) %(*objectname) [18ms]
[2022-06-02T11:35:15.481Z] > git config --get commit.template [6ms]
[2022-06-02T11:35:15.980Z] > git check-ignore -v -z --stdin [2ms]
[2022-06-02T11:35:36.508Z] > git show --textconv :README.md [27ms]
[2022-06-02T11:35:36.508Z] > git ls-files --stage -- /home/victorious/Development/code/prework/phase-0-completing-assignments/README.md [14ms]
[2022-06-02T11:35:36.530Z] > git cat-file -s 198ab640663c17fbfe82229a1ddcf031813c5089 [12ms]
[2022-06-02T11:36:22.133Z] > git show --textconv :package.json [15ms]
[2022-06-02T11:36:22.134Z] > git ls-files --stage -- /home/victorious/Development/code/prework/phase-0-completing-assignments/package.json [6ms]
[2022-06-02T11:36:22.149Z] > git cat-file -s 22fb8f9c4a8454ab4b5eecaace4b1909a09375e8 [2ms]
[2022-06-02T11:36:38.832Z] > git check-ignore -v -z --stdin [3ms]
[2022-06-02T11:40:01.200Z] > git check-ignore -v -z --stdin [2ms]
[2022-06-02T12:11:07.894Z] > git check-ignore -v -z --stdin [9ms]
[2022-06-02T12:11:09.254Z] > git check-ignore -v -z --stdin [1ms]
[2022-06-02T12:12:11.474Z] > git status -z -uall [10ms]
[2022-06-02T12:12:11.498Z] > git symbolic-ref --short HEAD [13ms]
[2022-06-02T12:12:11.510Z] > git ls-files --stage -- /home/victorious/Development/code/prework/phase-0-completing-assignments/package.json [12ms]
[2022-06-02T12:12:11.518Z] > git for-each-ref --format=%(refname)%00%(upstream:short)%00%(objectname)%00%(upstream:track)%00%(upstream:remotename)%00%(upstream:remoteref) refs/heads/master refs/remotes/master [9ms]
[2022-06-02T12:12:11.536Z] > git remote --verbose [3ms]
[2022-06-02T12:12:11.538Z] > git for-each-ref --sort -committerdate --format %(refname) %(objectname) %(*objectname) [12ms]
[2022-06-02T12:12:11.544Z] > git cat-file -s 22fb8f9c4a8454ab4b5eecaace4b1909a09375e8 [28ms]
[2022-06-02T12:12:11.554Z] > git config --get commit.template [1ms]
[2022-06-02T12:12:11.576Z] > git show --textconv :package.json [3ms]
[2022-06-02T12:12:16.570Z] > git status -z -uall [2ms]
[2022-06-02T12:12:16.580Z] > git symbolic-ref --short HEAD [1ms]
[2022-06-02T12:12:16.591Z] > git for-each-ref --format=%(refname)%00%(upstream:short)%00%(objectname)%00%(upstream:track)%00%(upstream:remotename)%00%(upstream:remoteref) refs/heads/master refs/remotes/master [3ms]
[2022-06-02T12:12:16.609Z] > git for-each-ref --sort -committerdate --format %(refname) %(objectname) %(*objectname) [11ms]
[2022-06-02T12:12:16.609Z] > git remote --verbose [3ms]
[2022-06-02T12:12:16.619Z] > git config --get commit.template [1ms]
