[2022-06-02T16:26:01.068Z] Validating found git in: git
[2022-06-02T16:26:01.211Z] Using git 2.36.1 from git
[2022-06-02T16:26:01.261Z] > git rev-parse --show-toplevel [33ms]
[2022-06-02T16:26:01.301Z] > git rev-parse --git-dir --git-common-dir [3ms]
[2022-06-02T16:26:01.316Z] Open repository: /home/victorious/Development/code/prework/phase-0-completing-assignments
[2022-06-02T16:26:01.357Z] > git status -z -uall [13ms]
[2022-06-02T16:26:01.390Z] > git symbolic-ref --short HEAD [17ms]
[2022-06-02T16:26:01.549Z] > git for-each-ref --format=%(refname)%00%(upstream:short)%00%(objectname)%00%(upstream:track)%00%(upstream:remotename)%00%(upstream:remoteref) refs/heads/master refs/remotes/master [148ms]
[2022-06-02T16:26:01.637Z] > git remote --verbose [45ms]
[2022-06-02T16:26:01.638Z] > git for-each-ref --sort -committerdate --format %(refname) %(objectname) %(*objectname) [61ms]
[2022-06-02T16:26:01.679Z] > git config --get commit.template [3ms]
[2022-06-02T16:26:02.151Z] > git check-ignore -v -z --stdin [8ms]
[2022-06-02T16:26:03.675Z] > git show --textconv :package.json [49ms]
[2022-06-02T16:26:03.676Z] > git ls-files --stage -- /home/victorious/Development/code/prework/phase-0-completing-assignments/package.json [32ms]
[2022-06-02T16:26:03.686Z] > git cat-file -s 22fb8f9c4a8454ab4b5eecaace4b1909a09375e8 [2ms]
[2022-06-05T09:03:49.507Z] > git show --textconv :.learn [57ms]
[2022-06-05T09:03:49.508Z] > git ls-files --stage -- /home/victorious/Development/code/prework/phase-0-completing-assignments/.learn [44ms]
[2022-06-05T09:03:49.521Z] > git cat-file -s fbe474ad100540e1382e5e1de850de0207b9fffb [6ms]
[2022-06-05T09:04:03.899Z] > git show --textconv :.learn [9ms]
[2022-06-05T09:04:03.900Z] > git ls-files --stage -- /home/victorious/Development/code/prework/phase-0-completing-assignments/.learn [2ms]
[2022-06-05T09:04:03.909Z] > git cat-file -s fbe474ad100540e1382e5e1de850de0207b9fffb [2ms]
[2022-06-05T09:04:10.867Z] > git show --textconv :README.md [9ms]
[2022-06-05T09:04:10.869Z] > git ls-files --stage -- /home/victorious/Development/code/prework/phase-0-completing-assignments/README.md [3ms]
[2022-06-05T09:04:10.880Z] > git cat-file -s 198ab640663c17fbfe82229a1ddcf031813c5089 [2ms]
[2022-06-05T09:06:27.657Z] > git show --textconv :README.md [10ms]
[2022-06-05T09:06:27.658Z] > git ls-files --stage -- /home/victorious/Development/code/prework/phase-0-completing-assignments/README.md [2ms]
[2022-06-05T09:06:27.665Z] > git cat-file -s 198ab640663c17fbfe82229a1ddcf031813c5089 [2ms]
