[2022-06-02 19:25:57.100] [main] [info] update#setState idle
[2022-06-02 19:25:57.191] [main] [info] window#load: attempt to load window (id: 1)
[2022-06-02 19:25:57.339] [main] [info] ExtensionHostStarterWorker created
[2022-06-02 19:25:58.866] [main] [info] window#load: window reported ready (id: 1)
[2022-06-02 19:25:59.093] [main] [info] Starting extension host with pid 137684 (fork() took 22 ms).
[2022-06-02 19:25:59.095] [main] [info] ExtensionHostStarterWorker.start() took 27 ms.
[2022-06-02 19:26:27.104] [main] [info] update#setState checking for updates
[2022-06-02 19:26:27.106] [main] [info] update#setState idle
[2022-06-02 20:26:27.206] [main] [info] update#setState checking for updates
[2022-06-02 20:26:27.210] [main] [info] update#setState idle
[2022-06-05 09:43:42.300] [main] [info] update#setState checking for updates
[2022-06-05 09:43:42.310] [main] [info] update#setState idle
[2022-06-05 10:43:42.407] [main] [info] update#setState checking for updates
[2022-06-05 10:43:42.408] [main] [info] update#setState idle
[2022-06-05 12:03:50.057] [main] [error] CodeWindow: failed to load (reason: ERR_BLOCKED_BY_CSP, code: -30)
[2022-06-05 12:03:50.165] [main] [error] CodeWindow: failed to load (reason: ERR_BLOCKED_BY_CSP, code: -30)
[2022-06-05 12:04:31.030] [main] [error] CodeWindow: failed to load (reason: ERR_BLOCKED_BY_CSP, code: -30)
[2022-06-05 12:04:31.113] [main] [error] CodeWindow: failed to load (reason: ERR_BLOCKED_BY_CSP, code: -30)
[2022-06-05 12:17:29.858] [main] [info] update#setState checking for updates
[2022-06-05 12:17:29.859] [main] [info] update#setState idle
